  aabb.cpp
  batchrenderer2d.cpp
d:\cpp\glfw_test\glfw\batchrenderer2d.cpp(64): warning C4244: инициализация: преобразование "float" в "int", возможна потеря данных
d:\cpp\glfw_test\glfw\batchrenderer2d.cpp(65): warning C4244: инициализация: преобразование "float" в "int", возможна потеря данных
d:\cpp\glfw_test\glfw\batchrenderer2d.cpp(66): warning C4244: инициализация: преобразование "float" в "int", возможна потеря данных
d:\cpp\glfw_test\glfw\batchrenderer2d.cpp(67): warning C4244: инициализация: преобразование "float" в "int", возможна потеря данных
  boundingsphere.cpp
  buffer.cpp
  EpsilonOBB.cpp
  fruit.cpp
  indexbuffer.cpp
  main.cpp
c:\program files (x86)\windows kits\10\include\10.0.16299.0\shared\minwindef.h(130): warning C4005: APIENTRY: изменение макроопределения
  d:\cpp\glfw_test\deps\glfw\include\glfw3.h(98): note: см. предыдущее определение "APIENTRY"
d:\cpp\glfw_test\glfw\sat.h(53): warning C4018: <: несоответствие типов со знаком и без знака
d:\cpp\glfw_test\glfw\sat.h(68): warning C4267: return: преобразование из "size_t" в "int"; возможна потеря данных
d:\cpp\glfw_test\glfw\epsilonobb.h(50): warning C4244: =: преобразование "double" в "float", возможна потеря данных
d:\cpp\glfw_test\glfw\snake.h(38): warning C4267: return: преобразование из "size_t" в "unsigned int"; возможна потеря данных
d:\cpp\glfw_test\glfw\main.cpp(117): warning C4244: аргумент: преобразование "time_t" в "unsigned int", возможна потеря данных
d:\cpp\glfw_test\glfw\main.cpp(218): warning C4018: <: несоответствие типов со знаком и без знака
  myaabb.cpp
  obb.cpp
d:\cpp\glfw_test\glfw\obb.cpp(26): warning C4244: аргумент: преобразование "const double" в "GLfloat", возможна потеря данных
d:\cpp\glfw_test\glfw\obb.cpp(27): warning C4244: аргумент: преобразование "const double" в "GLfloat", возможна потеря данных
d:\cpp\glfw_test\glfw\obb.cpp(30): warning C4244: аргумент: преобразование "const double" в "GLfloat", возможна потеря данных
d:\cpp\glfw_test\glfw\obb.cpp(31): warning C4244: аргумент: преобразование "const double" в "GLfloat", возможна потеря данных
d:\cpp\glfw_test\glfw\obb.cpp(34): warning C4244: аргумент: преобразование "const double" в "GLfloat", возможна потеря данных
d:\cpp\glfw_test\glfw\obb.cpp(35): warning C4244: аргумент: преобразование "const double" в "GLfloat", возможна потеря данных
d:\cpp\glfw_test\glfw\obb.cpp(38): warning C4244: аргумент: преобразование "const double" в "GLfloat", возможна потеря данных
d:\cpp\glfw_test\glfw\obb.cpp(39): warning C4244: аргумент: преобразование "const double" в "GLfloat", возможна потеря данных
d:\cpp\glfw_test\glfw\obb.cpp(42): warning C4244: аргумент: преобразование "double" в "GLfloat", возможна потеря данных
d:\cpp\glfw_test\glfw\obb.cpp(81): warning C4244: аргумент: преобразование "double" в "GLfloat", возможна потеря данных
d:\cpp\glfw_test\glfw\obb.cpp(84): warning C4244: аргумент: преобразование "double" в "GLfloat", возможна потеря данных
d:\cpp\glfw_test\glfw\obb.cpp(87): warning C4244: аргумент: преобразование "const double" в "GLfloat", возможна потеря данных
d:\cpp\glfw_test\glfw\obb.cpp(90): warning C4244: аргумент: преобразование "const double" в "GLfloat", возможна потеря данных
d:\cpp\glfw_test\glfw\obb.cpp(93): warning C4244: аргумент: преобразование "const double" в "GLfloat", возможна потеря данных
d:\cpp\glfw_test\glfw\obb.cpp(96): warning C4244: аргумент: преобразование "const double" в "GLfloat", возможна потеря данных
d:\cpp\glfw_test\glfw\obb.cpp(102): warning C4244: аргумент: преобразование "double" в "GLfloat", возможна потеря данных
d:\cpp\glfw_test\glfw\obb.cpp(103): warning C4244: аргумент: преобразование "double" в "GLfloat", возможна потеря данных
d:\cpp\glfw_test\glfw\obb.cpp(130): warning C4244: аргумент: преобразование "double" в "GLfloat", возможна потеря данных
d:\cpp\glfw_test\glfw\obb.cpp(133): warning C4244: аргумент: преобразование "double" в "GLfloat", возможна потеря данных
d:\cpp\glfw_test\glfw\obb.cpp(136): warning C4244: аргумент: преобразование "const double" в "GLfloat", возможна потеря данных
d:\cpp\glfw_test\glfw\obb.cpp(139): warning C4244: аргумент: преобразование "const double" в "GLfloat", возможна потеря данных
d:\cpp\glfw_test\glfw\obb.cpp(142): warning C4244: аргумент: преобразование "const double" в "GLfloat", возможна потеря данных
d:\cpp\glfw_test\glfw\obb.cpp(145): warning C4244: аргумент: преобразование "const double" в "GLfloat", возможна потеря данных
d:\cpp\glfw_test\glfw\obb.cpp(151): warning C4244: аргумент: преобразование "double" в "GLfloat", возможна потеря данных
d:\cpp\glfw_test\glfw\obb.cpp(152): warning C4244: аргумент: преобразование "double" в "GLfloat", возможна потеря данных
d:\cpp\glfw_test\glfw\obb.cpp(260): warning C4244: аргумент: преобразование "double" в "float", возможна потеря данных
d:\cpp\glfw_test\glfw\obb.cpp(330): warning C4244: =: преобразование "double" в "float", возможна потеря данных
d:\cpp\glfw_test\glfw\obb.cpp(331): warning C4244: =: преобразование "double" в "float", возможна потеря данных
d:\cpp\glfw_test\glfw\obb.cpp(334): warning C4244: =: преобразование "const double" в "float", возможна потеря данных
d:\cpp\glfw_test\glfw\obb.cpp(335): warning C4244: =: преобразование "const double" в "float", возможна потеря данных
  obbnew.cpp
d:\cpp\glfw_test\glfw\obbnew.cpp(196): warning C4244: аргумент: преобразование "double" в "GLfloat", возможна потеря данных
d:\cpp\glfw_test\glfw\obbnew.cpp(197): warning C4244: аргумент: преобразование "double" в "GLfloat", возможна потеря данных
d:\cpp\glfw_test\glfw\obbnew.cpp(200): warning C4244: аргумент: преобразование "double" в "GLfloat", возможна потеря данных
d:\cpp\glfw_test\glfw\obbnew.cpp(201): warning C4244: аргумент: преобразование "double" в "GLfloat", возможна потеря данных
d:\cpp\glfw_test\glfw\obbnew.cpp(204): warning C4244: аргумент: преобразование "double" в "GLfloat", возможна потеря данных
d:\cpp\glfw_test\glfw\obbnew.cpp(205): warning C4244: аргумент: преобразование "double" в "GLfloat", возможна потеря данных
d:\cpp\glfw_test\glfw\obbnew.cpp(208): warning C4244: аргумент: преобразование "double" в "GLfloat", возможна потеря данных
d:\cpp\glfw_test\glfw\obbnew.cpp(209): warning C4244: аргумент: преобразование "double" в "GLfloat", возможна потеря данных
  plane.cpp
  sat.cpp
d:\cpp\glfw_test\glfw\sat.h(53): warning C4018: <: несоответствие типов со знаком и без знака
d:\cpp\glfw_test\glfw\sat.h(68): warning C4267: return: преобразование из "size_t" в "int"; возможна потеря данных
d:\cpp\glfw_test\glfw\sat.cpp(281): warning C4018: <: несоответствие типов со знаком и без знака
d:\cpp\glfw_test\glfw\sat.cpp(289): warning C4018: <: несоответствие типов со знаком и без знака
  shader.cpp
  simple2drenderer.cpp
  snake.cpp
d:\cpp\glfw_test\glfw\snake.h(38): warning C4267: return: преобразование из "size_t" в "unsigned int"; возможна потеря данных
c:\program files (x86)\windows kits\10\include\10.0.16299.0\shared\minwindef.h(130): warning C4005: APIENTRY: изменение макроопределения
  d:\cpp\glfw_test\deps\glfw\include\glfw3.h(98): note: см. предыдущее определение "APIENTRY"
d:\cpp\glfw_test\glfw\snake.cpp(77): warning C4267: инициализация: преобразование из "size_t" в "unsigned int"; возможна потеря данных
  sprite.cpp
  static_sprite.cpp
  vertexarray.cpp
  window.cpp
d:\cpp\glfw_test\glfw\window.cpp(57): warning C4244: аргумент: преобразование "double" в "int", возможна потеря данных
  Создание кода...
d:\cpp\glfw_test\glfw\sat.cpp(220): warning C4715: LM::Sat::unitVec: значение возвращается не при всех путях выполнения
d:\cpp\glfw_test\glfw\aabb.cpp(35): warning C4172: возвращение адреса локальной или временной переменной : result
LINK : warning LNK4098: библиотека по умолчанию "MSVCRT" противоречит использованию других библиотек; используйте параметр /NODEFAULTLIB:library
LINK : warning LNK4098: библиотека по умолчанию "LIBCMT" противоречит использованию других библиотек; используйте параметр /NODEFAULTLIB:library
glew32s.lib(glew.obj) : warning LNK4099: "vc120.pdb" PDB не найден с "glew32s.lib(glew.obj)" или на "D:\CPP\GLFW_Test\bin\Debug\vc120.pdb"; компоновка объекта выполняется как при отсутствии отладочных данных
  GLFW.vcxproj -> D:\CPP\GLFW_Test\bin\Debug\GLFW.exe
