d:\cpp_team\glfw\glfw_test\glfw\x64\debug\vc141.pdb
d:\cpp_team\glfw\glfw_test\glfw\x64\debug\vc141.idb
d:\cpp_team\glfw\glfw_test\glfw\x64\debug\window.obj
d:\cpp_team\glfw\glfw_test\glfw\x64\debug\vertexarray.obj
d:\cpp_team\glfw\glfw_test\glfw\x64\debug\simple2drenderer.obj
d:\cpp_team\glfw\glfw_test\glfw\x64\debug\shader.obj
d:\cpp_team\glfw\glfw_test\glfw\x64\debug\plane.obj
d:\cpp_team\glfw\glfw_test\glfw\x64\debug\main.obj
d:\cpp_team\glfw\glfw_test\glfw\x64\debug\indexbuffer.obj
d:\cpp_team\glfw\glfw_test\glfw\x64\debug\buffer.obj
d:\cpp_team\glfw\glfw_test\glfw\x64\debug\boundingsphere.obj
d:\cpp_team\glfw\glfw_test\glfw\x64\debug\aabb.obj
d:\cpp_team\glfw\glfw_test\glfw\x64\debug\sat.obj
d:\cpp_team\glfw\glfw_test\glfw\x64\debug\myaabb.obj
d:\cpp_team\glfw\glfw_test\glfw\x64\debug\obb.obj
d:\cpp_team\glfw\glfw_test\bin\debug\glfw.exe
d:\cpp_team\glfw\glfw_test\bin\debug\glfw.ilk
d:\cpp_team\glfw\glfw_test\bin\debug\glfw.pdb
d:\cpp_team\glfw\glfw_test\glfw\x64\debug\main.obj.enc
d:\cpp_team\glfw\glfw_test\glfw\x64\debug\glfw.tlog\cl.command.1.tlog
d:\cpp_team\glfw\glfw_test\glfw\x64\debug\glfw.tlog\cl.read.1.tlog
d:\cpp_team\glfw\glfw_test\glfw\x64\debug\glfw.tlog\cl.write.1.tlog
d:\cpp_team\glfw\glfw_test\glfw\x64\debug\glfw.tlog\link.command.1.tlog
d:\cpp_team\glfw\glfw_test\glfw\x64\debug\glfw.tlog\link.read.1.tlog
d:\cpp_team\glfw\glfw_test\glfw\x64\debug\glfw.tlog\link.write.1.tlog
