cl : командная строка warning D9002: пропуск неизвестного параметра "/arch:SSE2"
  aabb.cpp
  batchrenderer2d.cpp
I:\CPP\Snake\GLFW\batchrenderer2d.cpp(64,9): warning C4244: инициализация: преобразование "T" в "int", возможна потеря данных
          with
          [
              T=float
          ]
I:\CPP\Snake\GLFW\batchrenderer2d.cpp(65,9): warning C4244: инициализация: преобразование "T" в "int", возможна потеря данных
          with
          [
              T=float
          ]
I:\CPP\Snake\GLFW\batchrenderer2d.cpp(66,9): warning C4244: инициализация: преобразование "T" в "int", возможна потеря данных
          with
          [
              T=float
          ]
I:\CPP\Snake\GLFW\batchrenderer2d.cpp(67,9): warning C4244: инициализация: преобразование "T" в "int", возможна потеря данных
          with
          [
              T=float
          ]
  boundingsphere.cpp
I:\CPP\Snake\GLFW\boundingsphere.cpp(18,16): warning C4244: инициализация: преобразование "double" в "float", возможна потеря данных
  buffer.cpp
  EpsilonOBB.cpp
  fruit.cpp
  indexbuffer.cpp
  main.cpp
C:\Program Files (x86)\Windows Kits\10\Include\10.0.17763.0\shared\minwindef.h(130,1): warning C4005: APIENTRY: изменение макроопределения
I:\CPP\Snake\deps\GLFW\include\glfw3.h(98): message : см. предыдущее определение "APIENTRY"
I:\CPP\Snake\GLFW\sat.h(53,31): warning C4018: <: несоответствие типов со знаком и без знака
I:\CPP\Snake\GLFW\sat.h(68,35): warning C4267: return: преобразование из "size_t" в "int"; возможна потеря данных
I:\CPP\Snake\GLFW\EpsilonOBB.h(50,31): warning C4244: =: преобразование "double" в "T", возможна потеря данных
          with
          [
              T=float
          ]
I:\CPP\Snake\GLFW\snake.h(48,32): warning C4267: return: преобразование из "size_t" в "unsigned int"; возможна потеря данных
I:\CPP\Snake\GLFW\main.cpp(117,12): warning C4244: аргумент: преобразование "time_t" в "unsigned int", возможна потеря данных
I:\CPP\Snake\GLFW\main.cpp(218,21): warning C4018: <: несоответствие типов со знаком и без знака
  myaabb.cpp
  obb.cpp
I:\CPP\Snake\GLFW\obb.cpp(26,30): warning C4244: аргумент: преобразование "const T" в "GLfloat", возможна потеря данных
          with
          [
              T=double
          ]
I:\CPP\Snake\GLFW\obb.cpp(26,20): warning C4244: аргумент: преобразование "const T" в "GLfloat", возможна потеря данных
          with
          [
              T=double
          ]
I:\CPP\Snake\GLFW\obb.cpp(27,30): warning C4244: аргумент: преобразование "const T" в "GLfloat", возможна потеря данных
          with
          [
              T=double
          ]
I:\CPP\Snake\GLFW\obb.cpp(27,20): warning C4244: аргумент: преобразование "const T" в "GLfloat", возможна потеря данных
          with
          [
              T=double
          ]
I:\CPP\Snake\GLFW\obb.cpp(30,30): warning C4244: аргумент: преобразование "const T" в "GLfloat", возможна потеря данных
          with
          [
              T=double
          ]
I:\CPP\Snake\GLFW\obb.cpp(30,20): warning C4244: аргумент: преобразование "const T" в "GLfloat", возможна потеря данных
          with
          [
              T=double
          ]
I:\CPP\Snake\GLFW\obb.cpp(31,30): warning C4244: аргумент: преобразование "const T" в "GLfloat", возможна потеря данных
          with
          [
              T=double
          ]
I:\CPP\Snake\GLFW\obb.cpp(31,20): warning C4244: аргумент: преобразование "const T" в "GLfloat", возможна потеря данных
          with
          [
              T=double
          ]
I:\CPP\Snake\GLFW\obb.cpp(34,30): warning C4244: аргумент: преобразование "const T" в "GLfloat", возможна потеря данных
          with
          [
              T=double
          ]
I:\CPP\Snake\GLFW\obb.cpp(34,20): warning C4244: аргумент: преобразование "const T" в "GLfloat", возможна потеря данных
          with
          [
              T=double
          ]
I:\CPP\Snake\GLFW\obb.cpp(35,30): warning C4244: аргумент: преобразование "const T" в "GLfloat", возможна потеря данных
          with
          [
              T=double
          ]
I:\CPP\Snake\GLFW\obb.cpp(35,20): warning C4244: аргумент: преобразование "const T" в "GLfloat", возможна потеря данных
          with
          [
              T=double
          ]
I:\CPP\Snake\GLFW\obb.cpp(38,30): warning C4244: аргумент: преобразование "const T" в "GLfloat", возможна потеря данных
          with
          [
              T=double
          ]
I:\CPP\Snake\GLFW\obb.cpp(38,20): warning C4244: аргумент: преобразование "const T" в "GLfloat", возможна потеря данных
          with
          [
              T=double
          ]
I:\CPP\Snake\GLFW\obb.cpp(39,30): warning C4244: аргумент: преобразование "const T" в "GLfloat", возможна потеря данных
          with
          [
              T=double
          ]
I:\CPP\Snake\GLFW\obb.cpp(39,20): warning C4244: аргумент: преобразование "const T" в "GLfloat", возможна потеря данных
          with
          [
              T=double
          ]
I:\CPP\Snake\GLFW\obb.cpp(42,34): warning C4244: аргумент: преобразование "T" в "GLfloat", возможна потеря данных
          with
          [
              T=double
          ]
I:\CPP\Snake\GLFW\obb.cpp(42,16): warning C4244: аргумент: преобразование "T" в "GLfloat", возможна потеря данных
          with
          [
              T=double
          ]
I:\CPP\Snake\GLFW\obb.cpp(81,30): warning C4244: аргумент: преобразование "T" в "GLfloat", возможна потеря данных
          with
          [
              T=double
          ]
I:\CPP\Snake\GLFW\obb.cpp(81,20): warning C4244: аргумент: преобразование "T" в "GLfloat", возможна потеря данных
          with
          [
              T=double
          ]
I:\CPP\Snake\GLFW\obb.cpp(84,30): warning C4244: аргумент: преобразование "T" в "GLfloat", возможна потеря данных
          with
          [
              T=double
          ]
I:\CPP\Snake\GLFW\obb.cpp(84,20): warning C4244: аргумент: преобразование "T" в "GLfloat", возможна потеря данных
          with
          [
              T=double
          ]
I:\CPP\Snake\GLFW\obb.cpp(87,42): warning C4244: аргумент: преобразование "const T" в "GLfloat", возможна потеря данных
          with
          [
              T=double
          ]
I:\CPP\Snake\GLFW\obb.cpp(87,26): warning C4244: аргумент: преобразование "const T" в "GLfloat", возможна потеря данных
          with
          [
              T=double
          ]
I:\CPP\Snake\GLFW\obb.cpp(90,42): warning C4244: аргумент: преобразование "const T" в "GLfloat", возможна потеря данных
          with
          [
              T=double
          ]
I:\CPP\Snake\GLFW\obb.cpp(90,26): warning C4244: аргумент: преобразование "const T" в "GLfloat", возможна потеря данных
          with
          [
              T=double
          ]
I:\CPP\Snake\GLFW\obb.cpp(93,42): warning C4244: аргумент: преобразование "const T" в "GLfloat", возможна потеря данных
          with
          [
              T=double
          ]
I:\CPP\Snake\GLFW\obb.cpp(93,26): warning C4244: аргумент: преобразование "const T" в "GLfloat", возможна потеря данных
          with
          [
              T=double
          ]
I:\CPP\Snake\GLFW\obb.cpp(96,42): warning C4244: аргумент: преобразование "const T" в "GLfloat", возможна потеря данных
          with
          [
              T=double
          ]
I:\CPP\Snake\GLFW\obb.cpp(96,26): warning C4244: аргумент: преобразование "const T" в "GLfloat", возможна потеря данных
          with
          [
              T=double
          ]
I:\CPP\Snake\GLFW\obb.cpp(102,26): warning C4244: аргумент: преобразование "double" в "GLfloat", возможна потеря данных
I:\CPP\Snake\GLFW\obb.cpp(103,26): warning C4244: аргумент: преобразование "double" в "GLfloat", возможна потеря данных
I:\CPP\Snake\GLFW\obb.cpp(130,30): warning C4244: аргумент: преобразование "T" в "GLfloat", возможна потеря данных
          with
          [
              T=double
          ]
I:\CPP\Snake\GLFW\obb.cpp(130,20): warning C4244: аргумент: преобразование "T" в "GLfloat", возможна потеря данных
          with
          [
              T=double
          ]
I:\CPP\Snake\GLFW\obb.cpp(133,30): warning C4244: аргумент: преобразование "T" в "GLfloat", возможна потеря данных
          with
          [
              T=double
          ]
I:\CPP\Snake\GLFW\obb.cpp(133,20): warning C4244: аргумент: преобразование "T" в "GLfloat", возможна потеря данных
          with
          [
              T=double
          ]
I:\CPP\Snake\GLFW\obb.cpp(136,42): warning C4244: аргумент: преобразование "const T" в "GLfloat", возможна потеря данных
          with
          [
              T=double
          ]
I:\CPP\Snake\GLFW\obb.cpp(136,26): warning C4244: аргумент: преобразование "const T" в "GLfloat", возможна потеря данных
          with
          [
              T=double
          ]
I:\CPP\Snake\GLFW\obb.cpp(139,42): warning C4244: аргумент: преобразование "const T" в "GLfloat", возможна потеря данных
          with
          [
              T=double
          ]
I:\CPP\Snake\GLFW\obb.cpp(139,26): warning C4244: аргумент: преобразование "const T" в "GLfloat", возможна потеря данных
          with
          [
              T=double
          ]
I:\CPP\Snake\GLFW\obb.cpp(142,42): warning C4244: аргумент: преобразование "const T" в "GLfloat", возможна потеря данных
          with
          [
              T=double
          ]
I:\CPP\Snake\GLFW\obb.cpp(142,26): warning C4244: аргумент: преобразование "const T" в "GLfloat", возможна потеря данных
          with
          [
              T=double
          ]
I:\CPP\Snake\GLFW\obb.cpp(145,42): warning C4244: аргумент: преобразование "const T" в "GLfloat", возможна потеря данных
          with
          [
              T=double
          ]
I:\CPP\Snake\GLFW\obb.cpp(145,26): warning C4244: аргумент: преобразование "const T" в "GLfloat", возможна потеря данных
          with
          [
              T=double
          ]
I:\CPP\Snake\GLFW\obb.cpp(151,26): warning C4244: аргумент: преобразование "double" в "GLfloat", возможна потеря данных
I:\CPP\Snake\GLFW\obb.cpp(152,26): warning C4244: аргумент: преобразование "double" в "GLfloat", возможна потеря данных
I:\CPP\Snake\GLFW\obb.cpp(260,86): warning C4244: аргумент: преобразование "double" в "float", возможна потеря данных
I:\CPP\Snake\GLFW\obb.cpp(260,68): warning C4244: аргумент: преобразование "double" в "float", возможна потеря данных
I:\CPP\Snake\GLFW\obb.cpp(260,50): warning C4244: аргумент: преобразование "double" в "float", возможна потеря данных
I:\CPP\Snake\GLFW\obb.cpp(260,32): warning C4244: аргумент: преобразование "double" в "float", возможна потеря данных
I:\CPP\Snake\GLFW\obb.cpp(330,46): warning C4244: =: преобразование "T" в "T", возможна потеря данных
          with
          [
              T=double
          ]
          and
          [
              T=float
          ]
I:\CPP\Snake\GLFW\obb.cpp(331,46): warning C4244: =: преобразование "T" в "T", возможна потеря данных
          with
          [
              T=double
          ]
          and
          [
              T=float
          ]
I:\CPP\Snake\GLFW\obb.cpp(334,58): warning C4244: =: преобразование "const T" в "T", возможна потеря данных
          with
          [
              T=double
          ]
          and
          [
              T=float
          ]
I:\CPP\Snake\GLFW\obb.cpp(335,58): warning C4244: =: преобразование "const T" в "T", возможна потеря данных
          with
          [
              T=double
          ]
          and
          [
              T=float
          ]
  obbnew.cpp
I:\CPP\Snake\GLFW\obbnew.cpp(196,30): warning C4244: аргумент: преобразование "T" в "GLfloat", возможна потеря данных
          with
          [
              T=double
          ]
I:\CPP\Snake\GLFW\obbnew.cpp(196,20): warning C4244: аргумент: преобразование "T" в "GLfloat", возможна потеря данных
          with
          [
              T=double
          ]
I:\CPP\Snake\GLFW\obbnew.cpp(197,30): warning C4244: аргумент: преобразование "T" в "GLfloat", возможна потеря данных
          with
          [
              T=double
          ]
I:\CPP\Snake\GLFW\obbnew.cpp(197,20): warning C4244: аргумент: преобразование "T" в "GLfloat", возможна потеря данных
          with
          [
              T=double
          ]
I:\CPP\Snake\GLFW\obbnew.cpp(200,30): warning C4244: аргумент: преобразование "T" в "GLfloat", возможна потеря данных
          with
          [
              T=double
          ]
I:\CPP\Snake\GLFW\obbnew.cpp(200,20): warning C4244: аргумент: преобразование "T" в "GLfloat", возможна потеря данных
          with
          [
              T=double
          ]
I:\CPP\Snake\GLFW\obbnew.cpp(201,30): warning C4244: аргумент: преобразование "T" в "GLfloat", возможна потеря данных
          with
          [
              T=double
          ]
I:\CPP\Snake\GLFW\obbnew.cpp(201,20): warning C4244: аргумент: преобразование "T" в "GLfloat", возможна потеря данных
          with
          [
              T=double
          ]
I:\CPP\Snake\GLFW\obbnew.cpp(204,30): warning C4244: аргумент: преобразование "T" в "GLfloat", возможна потеря данных
          with
          [
              T=double
          ]
I:\CPP\Snake\GLFW\obbnew.cpp(204,20): warning C4244: аргумент: преобразование "T" в "GLfloat", возможна потеря данных
          with
          [
              T=double
          ]
I:\CPP\Snake\GLFW\obbnew.cpp(205,30): warning C4244: аргумент: преобразование "T" в "GLfloat", возможна потеря данных
          with
          [
              T=double
          ]
I:\CPP\Snake\GLFW\obbnew.cpp(205,20): warning C4244: аргумент: преобразование "T" в "GLfloat", возможна потеря данных
          with
          [
              T=double
          ]
I:\CPP\Snake\GLFW\obbnew.cpp(208,30): warning C4244: аргумент: преобразование "T" в "GLfloat", возможна потеря данных
          with
          [
              T=double
          ]
I:\CPP\Snake\GLFW\obbnew.cpp(208,20): warning C4244: аргумент: преобразование "T" в "GLfloat", возможна потеря данных
          with
          [
              T=double
          ]
I:\CPP\Snake\GLFW\obbnew.cpp(209,30): warning C4244: аргумент: преобразование "T" в "GLfloat", возможна потеря данных
          with
          [
              T=double
          ]
I:\CPP\Snake\GLFW\obbnew.cpp(209,20): warning C4244: аргумент: преобразование "T" в "GLfloat", возможна потеря данных
          with
          [
              T=double
          ]
  plane.cpp
I:\CPP\Snake\GLFW\plane.cpp(22,16): warning C4244: инициализация: преобразование "double" в "float", возможна потеря данных
  sat.cpp
I:\CPP\Snake\GLFW\sat.h(53,31): warning C4018: <: несоответствие типов со знаком и без знака
I:\CPP\Snake\GLFW\sat.h(68,35): warning C4267: return: преобразование из "size_t" в "int"; возможна потеря данных
I:\CPP\Snake\GLFW\sat.cpp(281,30): warning C4018: <: несоответствие типов со знаком и без знака
I:\CPP\Snake\GLFW\sat.cpp(289,30): warning C4018: <: несоответствие типов со знаком и без знака
  shader.cpp
  simple2drenderer.cpp
  snake.cpp
I:\CPP\Snake\GLFW\snake.h(48,32): warning C4267: return: преобразование из "size_t" в "unsigned int"; возможна потеря данных
C:\Program Files (x86)\Windows Kits\10\Include\10.0.17763.0\shared\minwindef.h(130,1): warning C4005: APIENTRY: изменение макроопределения
I:\CPP\Snake\deps\GLFW\include\glfw3.h(98): message : см. предыдущее определение "APIENTRY"
I:\CPP\Snake\GLFW\snake.cpp(77,4): warning C4267: инициализация: преобразование из "size_t" в "unsigned int"; возможна потеря данных
  sprite.cpp
  static_sprite.cpp
  vertexarray.cpp
  window.cpp
I:\CPP\Snake\GLFW\window.cpp(57,20): warning C4244: аргумент: преобразование "double" в "int", возможна потеря данных
  Previous IPDB not found, fall back to full compilation.
LINK : warning LNK4098: библиотека по умолчанию "LIBCMT" конфликтует с использованием других библиотек; используйте /NODEFAULTLIB:library
  Создание кода
  All 313 functions were compiled because no usable IPDB/IOBJ from previous compilation was found.
  Создание кода завершено
glew32s.lib(glew.obj) : warning LNK4099: "" PDB не найден с "glew32s.lib(glew.obj)" или на ""; компоновка объекта выполняется как при отсутствии отладочных данных
  GLFW.vcxproj -> I:\CPP\Snake\bin\Release\GLFW.exe

Итоги по проекту:
    25966 мс вызовов   1 I:\CPP\Snake\GLFW\GLFW.vcxproj          
              25966 мс вызовов   1 Build                                   

Итоги по целям:
        0 мс вызовов   1 _BuildCompileAction                     
        0 мс вызовов   1 AfterLink                               
        0 мс вызовов   1 PreLinkEvent                            
        0 мс вызовов   1 PrepareResourceNames                    
        0 мс вызовов   1 CreateCustomManifestResourceNames       
        0 мс вызовов   1 ComputeManifestInputsTargets            
        0 мс вызовов   1 ComputeLinkInputsFromProject            
        0 мс вызовов   1 ComputeManifestGeneratedLinkerInputs    
        0 мс вызовов   1 ComputeRCGeneratedLinkInputs            
        0 мс вызовов   1 _Link                                   
        0 мс вызовов   1 ComputeRCOutputs                        
        0 мс вызовов   1 ComputeLegacyManifestEmbedding          
        0 мс вызовов   1 BuildCompile                            
        0 мс вызовов   1 AfterBuildCompileEvent                  
        0 мс вызовов   1 _ResourceCompile                        
        0 мс вызовов   1 AfterResourceCompile                    
        0 мс вызовов   1 MakeDirsForResourceCompile              
        0 мс вызовов   1 BeforeResourceCompile                   
        0 мс вызовов   1 _ClCompile                              
        0 мс вызовов   1 BeforeLink                              
        0 мс вызовов   1 _ALink                                  
        0 мс вызовов   1 _Manifest                               
        0 мс вызовов   1 ResolvedXDCMake                         
        0 мс вызовов   1 AfterBuild                              
        0 мс вызовов   1 BuildLink                               
        0 мс вызовов   1 _BuildLinkAction                        
        0 мс вызовов   1 PrepareForRun                           
        0 мс вызовов   1 _CheckForCompileOutputs                 
        0 мс вызовов   1 _CopySourceItemsToOutputDirectory       
        0 мс вызовов   1 _GetCopyToOutputDirectoryItemsFromThisProject
        0 мс вызовов   1 GetCopyToOutputDirectoryXamlAppDefs     
        0 мс вызовов   1 _PopulateCommonStateForGetCopyToOutputDirectoryItems
        0 мс вызовов   1 _Deploy                                 
        0 мс вызовов   1 _Appverifier                            
        0 мс вызовов   1 CreateSatelliteAssemblies               
        0 мс вызовов   1 _GenerateSatelliteAssemblyInputs        
        0 мс вызовов   1 MakeDirsForFxc                          
        0 мс вызовов   1 _BscMake                                
        0 мс вызовов   1 MakeDirsForBscMake                      
        0 мс вызовов   1 ComputeCLCompileGeneratedSbrFiles       
        0 мс вызовов   1 _XdcMake                                
        0 мс вызовов   1 MakeDirsForXdcMake                      
        0 мс вызовов   1 AfterClCompile                          
        0 мс вызовов   1 ComputeReferenceCLInput                 
        0 мс вызовов   1 Build                                   
        0 мс вызовов   1 BuildGenerateSourcesTraverse            
        0 мс вызовов   1 SelectCustomBuild                       
        0 мс вызовов   1 BeforeBuildGenerateSources              
        0 мс вызовов   1 FindReferenceAssembliesForReferences    
        0 мс вызовов   1 ResolveReferences                       
        0 мс вызовов   1 AfterResolveReferences                  
        0 мс вызовов   1 CopyFileToFolders                       
        0 мс вызовов   1 _Xsd                                    
        0 мс вызовов   1 ExpandSDKReferences                     
        0 мс вызовов   1 ComputeMIDLGeneratedCompileInputs       
        0 мс вызовов   1 ResolveSDKReferences                    
        0 мс вызовов   1 AfterMidl                               
        0 мс вызовов   1 SetCABuildNativeEnvironmentVariables    
        0 мс вызовов   1 _Midl                                   
        0 мс вызовов   1 AfterBuildGenerateSources               
        0 мс вызовов   1 AfterBuildGenerateSourcesEvent          
        0 мс вызовов   1 _BuildGenerateSourcesAction             
        0 мс вызовов   1 BuildGenerateSources                    
        0 мс вызовов   1 BuildCompileTraverse                    
        0 мс вызовов   1 BeforeClCompile                         
        0 мс вызовов   1 GetResolvedWinMD                        
        0 мс вызовов   1 PrepareProjectReferences                
        0 мс вызовов   1 _AddOutputPathToGlobalPropertiesToRemove
        0 мс вызовов   1 _SplitProjectReferencesByFileExistence  
        0 мс вызовов   1 BeforeResolveReferences                 
        0 мс вызовов   1 ComputeCLInputPDBName                   
        0 мс вызовов   1 PreBuildEvent                           
        0 мс вызовов   1 _SelectedFiles                          
        0 мс вызовов   1 GetReferencedVCProjectsInfo             
        0 мс вызовов   1 MakeDirsForMidl                         
        0 мс вызовов   1 CopyFilesToOutputDirectory              
        0 мс вызовов   1 BuildLinkTraverse                       
        0 мс вызовов   1 GetReferenceAssemblyPaths               
        0 мс вызовов   1 _GetCopyToOutputDirectoryItemsFromTransitiveProjectReferences
        0 мс вызовов   1 BuiltProjectOutputGroup                 
        0 мс вызовов   1 _PrepareForReferenceResolution          
        0 мс вызовов   1 ComputeCLCompileGeneratedXDCFiles       
        0 мс вызовов   1 SetBuildDefaultEnvironmentVariables     
        0 мс вызовов   1 SelectClCompile                         
        0 мс вызовов   1 _CheckWindowsSDKInstalled               
        0 мс вызовов   1 GetFrameworkPaths                       
        0 мс вызовов   1 IncrementalClean                        
        0 мс вызовов   1 ComputeCustomBuildOutput                
        0 мс вызовов   1 ResolveAssemblyReferences               
        0 мс вызовов   1 ComputeCLGeneratedLinkInputs            
        0 мс вызовов   1 ComputeLinkSwitches                     
        0 мс вызовов   1 _PrepareForBuild                        
        0 мс вызовов   1 PostBuildEvent                          
        1 мс вызовов   1 DoLinkOutputFilesMatch                  
        1 мс вызовов   1 MakeDirsForLink                         
        1 мс вызовов   1 RegisterOutput                          
        1 мс вызовов   1 ContentFilesProjectOutputGroup          
        1 мс вызовов   1 ComputeLinkImportLibraryOutputsForClean 
        1 мс вызовов   1 FinalizeBuildStatus                     
        1 мс вызовов   1 _GetProjectReferenceTargetFrameworkProperties
        2 мс вызовов   1 GetCopyToOutputDirectoryItems           
        2 мс вызовов   1 AssignTargetPaths                       
        3 мс вызовов   1 SplitResourcesByCulture                 
        4 мс вызовов   1 ComputeCLOutputs                        
        4 мс вызовов   1 FixupCLCompileOptions                   
        6 мс вызовов   1 MakeDirsForCl                           
        6 мс вызовов   1 AssignProjectConfiguration              
        7 мс вызовов   1 SatelliteDllsProjectOutputGroup         
        7 мс вызовов   1 CustomBuild                             
        9 мс вызовов   1 WarnCompileDuplicatedFilename           
        9 мс вызовов   1 SetTelemetryEnvironmentVariables        
       14 мс вызовов   1 PrepareForBuild                         
       16 мс вызовов   1 _CleanGetCurrentAndPriorFileWrites      
       21 мс вызовов   1 CreateRecipeFile                        
       22 мс вызовов   1 ResolveProjectReferences                
       29 мс вызовов   1 InitializeBuildStatus                   
       45 мс вызовов   1 _CheckForInvalidConfigurationAndPlatform
     1575 мс вызовов   1 Link                                    
    24156 мс вызовов   1 ClCompile                               

Итоги по задачам:
        0 мс вызовов   3 Delete                                  
        0 мс вызовов   1 MSBuild                                 
        0 мс вызовов   2 RemoveDuplicates                        
        1 мс вызовов   1 ConvertToAbsolutePath                   
        1 мс вызовов   2 CallTarget                              
        1 мс вызовов  10 MakeDir                                 
        1 мс вызовов   1 CheckVCToolsetVersion                   
        1 мс вызовов   2 WriteLinesToFile                        
        2 мс вызовов   1 AssignCulture                           
        2 мс вызовов   8 SetEnv                                  
        2 мс вызовов   7 AssignTargetPath                        
        6 мс вызовов   1 AssignProjectConfiguration              
        6 мс вызовов   2 CreateItem                              
        7 мс вызовов   2 ReadLinesFromFile                       
        7 мс вызовов   3 GetOutOfDateItems                       
        9 мс вызовов   3 Message                                 
       13 мс вызовов   5 FindUnderPath                           
       21 мс вызовов   2 Touch                                   
       21 мс вызовов   1 GenerateDesktopDeployRecipe             
     1572 мс вызовов   1 Link                                    
    24153 мс вызовов   1 CL                                      
